{
  "numFailedTestSuites": 2,
  "numFailedTests": 2,
  "numPassedTestSuites": 0,
  "numPassedTests": 0,
  "numPendingTestSuites": 0,
  "numPendingTests": 0,
  "numRuntimeErrorTestSuites": 0,
  "numTodoTests": 0,
  "numTotalTestSuites": 2,
  "numTotalTests": 2,
  "openHandles": [],
  "snapshot": {
    "added": 0,
    "didUpdate": false,
    "failure": false,
    "filesAdded": 0,
    "filesRemoved": 0,
    "filesRemovedList": [],
    "filesUnmatched": 0,
    "filesUpdated": 0,
    "matched": 0,
    "total": 0,
    "unchecked": 0,
    "uncheckedKeysByFile": [],
    "unmatched": 0,
    "updated": 0
  },
  "startTime": 1623928892894,
  "success": false,
  "testResults": [
    {
      "failureMessage": "\u001b[1m\u001b[31m  \u001b[1m● \u001b[1mGlobal\u001b[39m\u001b[22m\n\n    The interaction model for your Alexa Skill could not be found under:\n\u001b[2m\u001b[22m\n\u001b[2m      ..\\skill-package\\interactionModels\\custom\\en-US.json\u001b[22m\n\u001b[2m      Please provide the correct location of the Interaction Model.\u001b[22m\n",
      "leaks": false,
      "memoryUsage": 0,
      "numFailingTests": 1,
      "numPassingTests": 0,
      "numPendingTests": 0,
      "numTodoTests": 0,
      "skipped": false,
      "snapshot": {
        "added": 0,
        "fileDeleted": false,
        "matched": 0,
        "unchecked": 0,
        "uncheckedKeys": [],
        "unmatched": 0,
        "updated": 0
      },
      "testFilePath": "C:\\projects\\denmo\\workspaces\\my-thai-star\\alexa\\test\\index.test.yml",
      "testResults": [
        {
          "ancestorTitles": [],
          "duration": 0,
          "failureMessages": [
            "The interaction model for your Alexa Skill could not be found under:\n..\\skill-package\\interactionModels\\custom\\en-US.json\nPlease provide the correct location of the Interaction Model."
          ],
          "location": {
            "column": 0,
            "line": 0
          },
          "numPassingAsserts": 0,
          "status": "failed",
          "title": "Global"
        }
      ],
      "perfStats": {
        "end": 1623928894986,
        "start": 1623928893430
      }
    },
    {
      "failureMessage": "\u001b[1m\u001b[31m  \u001b[1m● \u001b[1mGlobal\u001b[39m\u001b[22m\n\n    The interaction model for your Alexa Skill could not be found under:\n\u001b[2m\u001b[22m\n\u001b[2m      ..\\skill-package\\interactionModels\\custom\\en-US.json\u001b[22m\n\u001b[2m      Please provide the correct location of the Interaction Model.\u001b[22m\n",
      "leaks": false,
      "memoryUsage": 0,
      "numFailingTests": 1,
      "numPassingTests": 0,
      "numPendingTests": 0,
      "numTodoTests": 0,
      "skipped": false,
      "snapshot": {
        "added": 0,
        "fileDeleted": false,
        "matched": 0,
        "unchecked": 0,
        "uncheckedKeys": [],
        "unmatched": 0,
        "updated": 0
      },
      "sourceMaps": {},
      "testFilePath": "C:\\projects\\denmo\\workspaces\\my-thai-star\\alexa\\test\\EdgeCase.test.yml",
      "testResults": [
        {
          "ancestorTitles": [],
          "duration": 0,
          "failureMessages": [
            "The interaction model for your Alexa Skill could not be found under:\n..\\skill-package\\interactionModels\\custom\\en-US.json\nPlease provide the correct location of the Interaction Model."
          ],
          "location": {
            "column": 0,
            "line": 0
          },
          "numPassingAsserts": 0,
          "status": "failed",
          "title": "Global"
        }
      ],
      "perfStats": {
        "end": 1623928895523,
        "start": 1623928895312
      }
    }
  ],
  "wasInterrupted": false
}